<?xml version="1.0" encoding="UTF-8"?>
<!-- Generated by org.testng.reporters.JUnitReportReporter -->
<testsuite hostname="TIPC76-AsadRabani" failures="0" tests="1" name="example.TestCase" time="1.434" errors="0" timestamp="2025-02-05T17:18:08 PKT" skipped="0">
  <testcase classname="example.TestCase" name="getUsers" time="1.434"/>
</testsuite> <!-- example.TestCase -->
